

================================================================
== Vivado HLS Report for 'hls_action'
================================================================
* Date:           Fri Mar 13 07:04:46 2020

* Version:        2019.2 (Build 2704478 on Wed Nov 06 22:10:23 MST 2019)
* Project:        hlsUpperCase_xcvu33p-fsvh2104-2-e
* Solution:       helloworld
* Product family: virtexuplus
* Target device:  xcvu33p-fsvh2104-2-e


================================================================
== Performance Estimates
================================================================
+ Timing: 
    * Summary: 
    +--------+---------+----------+------------+
    |  Clock |  Target | Estimated| Uncertainty|
    +--------+---------+----------+------------+
    |ap_clk  | 4.00 ns | 3.500 ns |   0.50 ns  |
    +--------+---------+----------+------------+

+ Latency: 
    * Summary: 
    +---------+---------+----------+----------+-----+-----+---------+
    |  Latency (cycles) |  Latency (absolute) |  Interval | Pipeline|
    |   min   |   max   |    min   |    max   | min | max |   Type  |
    +---------+---------+----------+----------+-----+-----+---------+
    |        ?|        ?|         ?|         ?|    ?|    ?|   none  |
    +---------+---------+----------+----------+-----+-----+---------+

    + Detail: 
        * Instance: 
        +---------------------------+----------------+---------+---------+----------+----------+-----+-----+---------+
        |                           |                |  Latency (cycles) |  Latency (absolute) |  Interval | Pipeline|
        |          Instance         |     Module     |   min   |   max   |    min   |    max   | min | max |   Type  |
        +---------------------------+----------------+---------+---------+----------+----------+-----+-----+---------+
        |grp_process_action_fu_109  |process_action  |        ?|        ?|         ?|         ?|    ?|    ?|   none  |
        +---------------------------+----------------+---------+---------+----------+----------+-----+-----+---------+

        * Loop: 
        N/A



================================================================
== Utilization Estimates
================================================================
* Summary: 
+-----------------+---------+-------+--------+--------+-----+
|       Name      | BRAM_18K| DSP48E|   FF   |   LUT  | URAM|
+-----------------+---------+-------+--------+--------+-----+
|DSP              |        -|      -|       -|       -|    -|
|Expression       |        -|      -|       -|       -|    -|
|FIFO             |        -|      -|       -|       -|    -|
|Instance         |       60|      -|    5126|    7497|    -|
|Memory           |        -|      -|       -|       -|    -|
|Multiplexer      |        -|      -|       -|      60|    -|
|Register         |        -|      -|     279|       -|    -|
+-----------------+---------+-------+--------+--------+-----+
|Total            |       60|      0|    5405|    7557|    0|
+-----------------+---------+-------+--------+--------+-----+
|Available        |     1344|   2880|  879360|  439680|  320|
+-----------------+---------+-------+--------+--------+-----+
|Utilization (%)  |        4|      0|   ~0   |       1|    0|
+-----------------+---------+-------+--------+--------+-----+

+ Detail: 
    * Instance: 
    +-----------------------------+---------------------------+---------+-------+------+------+-----+
    |           Instance          |           Module          | BRAM_18K| DSP48E|  FF  |  LUT | URAM|
    +-----------------------------+---------------------------+---------+-------+------+------+-----+
    |hls_action_ctrl_reg_s_axi_U  |hls_action_ctrl_reg_s_axi  |        0|      0|  2172|  4264|    0|
    |hls_action_host_mem_m_axi_U  |hls_action_host_mem_m_axi  |       58|      0|  1415|  1585|    0|
    |grp_process_action_fu_109    |process_action             |        2|      0|  1539|  1648|    0|
    +-----------------------------+---------------------------+---------+-------+------+------+-----+
    |Total                        |                           |       60|      0|  5126|  7497|    0|
    +-----------------------------+---------------------------+---------+-------+------+------+-----+

    * DSP48E: 
    N/A

    * Memory: 
    N/A

    * FIFO: 
    N/A

    * Expression: 
    N/A

    * Multiplexer: 
    +------------------+----+-----------+-----+-----------+
    |       Name       | LUT| Input Size| Bits| Total Bits|
    +------------------+----+-----------+-----+-----------+
    |ap_NS_fsm         |  15|          3|    1|          3|
    |host_mem_ARVALID  |   9|          2|    1|          2|
    |host_mem_AWVALID  |   9|          2|    1|          2|
    |host_mem_BREADY   |   9|          2|    1|          2|
    |host_mem_RREADY   |   9|          2|    1|          2|
    |host_mem_WVALID   |   9|          2|    1|          2|
    +------------------+----+-----------+-----+-----------+
    |Total             |  60|         13|    6|         13|
    +------------------+----+-----------+-----+-----------+

    * Register: 
    +----------------------------------------+----+----+-----+-----------+
    |                  Name                  | FF | LUT| Bits| Const Bits|
    +----------------------------------------+----+----+-----+-----------+
    |act_reg_Data_in_addr_reg_204            |  64|   0|   64|          0|
    |act_reg_Data_in_size_reg_209            |  32|   0|   32|          0|
    |act_reg_Data_out_add_reg_214            |  64|   0|   64|          0|
    |ap_CS_fsm                               |   2|   0|    2|          0|
    |din_gmem_V1_reg_199                     |  58|   0|   58|          0|
    |dout_gmem_V3_reg_194                    |  58|   0|   58|          0|
    |grp_process_action_fu_109_ap_start_reg  |   1|   0|    1|          0|
    +----------------------------------------+----+----+-----+-----------+
    |Total                                   | 279|   0|  279|          0|
    +----------------------------------------+----+----+-----+-----------+



================================================================
== Interface
================================================================
* Summary: 
+-------------------------+-----+-----+------------+--------------+--------------+
|        RTL Ports        | Dir | Bits|  Protocol  | Source Object|    C Type    |
+-------------------------+-----+-----+------------+--------------+--------------+
|s_axi_ctrl_reg_AWVALID   |  in |    1|    s_axi   |   ctrl_reg   |  return void |
|s_axi_ctrl_reg_AWREADY   | out |    1|    s_axi   |   ctrl_reg   |  return void |
|s_axi_ctrl_reg_AWADDR    |  in |    9|    s_axi   |   ctrl_reg   |  return void |
|s_axi_ctrl_reg_WVALID    |  in |    1|    s_axi   |   ctrl_reg   |  return void |
|s_axi_ctrl_reg_WREADY    | out |    1|    s_axi   |   ctrl_reg   |  return void |
|s_axi_ctrl_reg_WDATA     |  in |   32|    s_axi   |   ctrl_reg   |  return void |
|s_axi_ctrl_reg_WSTRB     |  in |    4|    s_axi   |   ctrl_reg   |  return void |
|s_axi_ctrl_reg_ARVALID   |  in |    1|    s_axi   |   ctrl_reg   |  return void |
|s_axi_ctrl_reg_ARREADY   | out |    1|    s_axi   |   ctrl_reg   |  return void |
|s_axi_ctrl_reg_ARADDR    |  in |    9|    s_axi   |   ctrl_reg   |  return void |
|s_axi_ctrl_reg_RVALID    | out |    1|    s_axi   |   ctrl_reg   |  return void |
|s_axi_ctrl_reg_RREADY    |  in |    1|    s_axi   |   ctrl_reg   |  return void |
|s_axi_ctrl_reg_RDATA     | out |   32|    s_axi   |   ctrl_reg   |  return void |
|s_axi_ctrl_reg_RRESP     | out |    2|    s_axi   |   ctrl_reg   |  return void |
|s_axi_ctrl_reg_BVALID    | out |    1|    s_axi   |   ctrl_reg   |  return void |
|s_axi_ctrl_reg_BREADY    |  in |    1|    s_axi   |   ctrl_reg   |  return void |
|s_axi_ctrl_reg_BRESP     | out |    2|    s_axi   |   ctrl_reg   |  return void |
|ap_clk                   |  in |    1| ap_ctrl_hs |  hls_action  | return value |
|ap_rst_n                 |  in |    1| ap_ctrl_hs |  hls_action  | return value |
|interrupt                | out |    1| ap_ctrl_hs |  hls_action  | return value |
|m_axi_host_mem_AWVALID   | out |    1|    m_axi   |   host_mem   |    pointer   |
|m_axi_host_mem_AWREADY   |  in |    1|    m_axi   |   host_mem   |    pointer   |
|m_axi_host_mem_AWADDR    | out |   64|    m_axi   |   host_mem   |    pointer   |
|m_axi_host_mem_AWID      | out |    1|    m_axi   |   host_mem   |    pointer   |
|m_axi_host_mem_AWLEN     | out |    8|    m_axi   |   host_mem   |    pointer   |
|m_axi_host_mem_AWSIZE    | out |    3|    m_axi   |   host_mem   |    pointer   |
|m_axi_host_mem_AWBURST   | out |    2|    m_axi   |   host_mem   |    pointer   |
|m_axi_host_mem_AWLOCK    | out |    2|    m_axi   |   host_mem   |    pointer   |
|m_axi_host_mem_AWCACHE   | out |    4|    m_axi   |   host_mem   |    pointer   |
|m_axi_host_mem_AWPROT    | out |    3|    m_axi   |   host_mem   |    pointer   |
|m_axi_host_mem_AWQOS     | out |    4|    m_axi   |   host_mem   |    pointer   |
|m_axi_host_mem_AWREGION  | out |    4|    m_axi   |   host_mem   |    pointer   |
|m_axi_host_mem_AWUSER    | out |    1|    m_axi   |   host_mem   |    pointer   |
|m_axi_host_mem_WVALID    | out |    1|    m_axi   |   host_mem   |    pointer   |
|m_axi_host_mem_WREADY    |  in |    1|    m_axi   |   host_mem   |    pointer   |
|m_axi_host_mem_WDATA     | out |  512|    m_axi   |   host_mem   |    pointer   |
|m_axi_host_mem_WSTRB     | out |   64|    m_axi   |   host_mem   |    pointer   |
|m_axi_host_mem_WLAST     | out |    1|    m_axi   |   host_mem   |    pointer   |
|m_axi_host_mem_WID       | out |    1|    m_axi   |   host_mem   |    pointer   |
|m_axi_host_mem_WUSER     | out |    1|    m_axi   |   host_mem   |    pointer   |
|m_axi_host_mem_ARVALID   | out |    1|    m_axi   |   host_mem   |    pointer   |
|m_axi_host_mem_ARREADY   |  in |    1|    m_axi   |   host_mem   |    pointer   |
|m_axi_host_mem_ARADDR    | out |   64|    m_axi   |   host_mem   |    pointer   |
|m_axi_host_mem_ARID      | out |    1|    m_axi   |   host_mem   |    pointer   |
|m_axi_host_mem_ARLEN     | out |    8|    m_axi   |   host_mem   |    pointer   |
|m_axi_host_mem_ARSIZE    | out |    3|    m_axi   |   host_mem   |    pointer   |
|m_axi_host_mem_ARBURST   | out |    2|    m_axi   |   host_mem   |    pointer   |
|m_axi_host_mem_ARLOCK    | out |    2|    m_axi   |   host_mem   |    pointer   |
|m_axi_host_mem_ARCACHE   | out |    4|    m_axi   |   host_mem   |    pointer   |
|m_axi_host_mem_ARPROT    | out |    3|    m_axi   |   host_mem   |    pointer   |
|m_axi_host_mem_ARQOS     | out |    4|    m_axi   |   host_mem   |    pointer   |
|m_axi_host_mem_ARREGION  | out |    4|    m_axi   |   host_mem   |    pointer   |
|m_axi_host_mem_ARUSER    | out |    1|    m_axi   |   host_mem   |    pointer   |
|m_axi_host_mem_RVALID    |  in |    1|    m_axi   |   host_mem   |    pointer   |
|m_axi_host_mem_RREADY    | out |    1|    m_axi   |   host_mem   |    pointer   |
|m_axi_host_mem_RDATA     |  in |  512|    m_axi   |   host_mem   |    pointer   |
|m_axi_host_mem_RLAST     |  in |    1|    m_axi   |   host_mem   |    pointer   |
|m_axi_host_mem_RID       |  in |    1|    m_axi   |   host_mem   |    pointer   |
|m_axi_host_mem_RUSER     |  in |    1|    m_axi   |   host_mem   |    pointer   |
|m_axi_host_mem_RRESP     |  in |    2|    m_axi   |   host_mem   |    pointer   |
|m_axi_host_mem_BVALID    |  in |    1|    m_axi   |   host_mem   |    pointer   |
|m_axi_host_mem_BREADY    | out |    1|    m_axi   |   host_mem   |    pointer   |
|m_axi_host_mem_BRESP     |  in |    2|    m_axi   |   host_mem   |    pointer   |
|m_axi_host_mem_BID       |  in |    1|    m_axi   |   host_mem   |    pointer   |
|m_axi_host_mem_BUSER     |  in |    1|    m_axi   |   host_mem   |    pointer   |
+-------------------------+-----+-----+------------+--------------+--------------+

